ERROR - 2024-11-18 22:47:47 --> Error log message test
ERROR - 2024-11-18 23:14:11 --> Error log message test
CRITICAL - 2024-11-18 23:14:11 --> ErrorException: Undefined array key "name"
[Method: GET, Route: adm1n/blog]
in APPPATH\Views\blog_list.php on line 46.
 1 APPPATH\Views\blog_list.php(46): CodeIgniter\Debug\Exceptions->errorHandler(2, 'Undefined array key "name"', 'D:\\xampp\\htdocs\\projects\\LadyAndal\\LadyAndalSchool\\app\\Views\\blog_list.php', 46)
 2 SYSTEMPATH\View\View.php(234): include('D:\\xampp\\htdocs\\projects\\LadyAndal\\LadyAndalSchool\\app\\Views\\blog_list.php')
 3 SYSTEMPATH\View\View.php(237): CodeIgniter\View\View->CodeIgniter\View\{closure}()
 4 SYSTEMPATH\Common.php(1171): CodeIgniter\View\View->render('blog_list', [], true)
 5 APPPATH\Controllers\Blog.php(17): view('blog_list', [...])
 6 SYSTEMPATH\CodeIgniter.php(933): App\Controllers\Blog->index()
 7 SYSTEMPATH\CodeIgniter.php(509): CodeIgniter\CodeIgniter->runController(Object(App\Controllers\Blog))
 8 SYSTEMPATH\CodeIgniter.php(355): CodeIgniter\CodeIgniter->handleRequest(null, Object(Config\Cache), false)
 9 SYSTEMPATH\Boot.php(325): CodeIgniter\CodeIgniter->run()
10 SYSTEMPATH\Boot.php(67): CodeIgniter\Boot::runCodeIgniter(Object(CodeIgniter\CodeIgniter))
11 FCPATH\index.php(56): CodeIgniter\Boot::bootWeb(Object(Config\Paths))
12 SYSTEMPATH\rewrite.php(44): require_once('D:\\xampp\\htdocs\\projects\\LadyAndal\\LadyAndalSchool\\public\\index.php')
ERROR - 2024-11-18 23:16:32 --> Error log message test
ERROR - 2024-11-18 23:18:40 --> Error log message test
ERROR - 2024-11-18 23:19:24 --> Error log message test
ERROR - 2024-11-18 23:19:48 --> Error log message test
ERROR - 2024-11-18 23:21:46 --> Error log message test
ERROR - 2024-11-18 23:22:16 --> Error log message test
ERROR - 2024-11-18 23:22:19 --> Error log message test
ERROR - 2024-11-18 23:22:24 --> Error log message test
ERROR - 2024-11-18 23:22:41 --> Error log message test
CRITICAL - 2024-11-18 23:22:52 --> ErrorException: Undefined array key "blog_id"
[Method: GET, Route: adm1n/blog/edit/4]
in APPPATH\Views\blog_form.php on line 35.
 1 APPPATH\Views\blog_form.php(35): CodeIgniter\Debug\Exceptions->errorHandler(2, 'Undefined array key "blog_id"', 'D:\\xampp\\htdocs\\projects\\LadyAndal\\LadyAndalSchool\\app\\Views\\blog_form.php', 35)
 2 SYSTEMPATH\View\View.php(234): include('D:\\xampp\\htdocs\\projects\\LadyAndal\\LadyAndalSchool\\app\\Views\\blog_form.php')
 3 SYSTEMPATH\View\View.php(237): CodeIgniter\View\View->CodeIgniter\View\{closure}()
 4 SYSTEMPATH\Common.php(1171): CodeIgniter\View\View->render('blog_form', [], true)
 5 APPPATH\Controllers\Blog.php(34): view('blog_form', [...])
 6 SYSTEMPATH\CodeIgniter.php(933): App\Controllers\Blog->edit('4')
 7 SYSTEMPATH\CodeIgniter.php(509): CodeIgniter\CodeIgniter->runController(Object(App\Controllers\Blog))
 8 SYSTEMPATH\CodeIgniter.php(355): CodeIgniter\CodeIgniter->handleRequest(null, Object(Config\Cache), false)
 9 SYSTEMPATH\Boot.php(325): CodeIgniter\CodeIgniter->run()
10 SYSTEMPATH\Boot.php(67): CodeIgniter\Boot::runCodeIgniter(Object(CodeIgniter\CodeIgniter))
11 FCPATH\index.php(56): CodeIgniter\Boot::bootWeb(Object(Config\Paths))
12 SYSTEMPATH\rewrite.php(44): require_once('D:\\xampp\\htdocs\\projects\\LadyAndal\\LadyAndalSchool\\public\\index.php')
ERROR - 2024-11-18 23:25:40 --> Error log message test
CRITICAL - 2024-11-18 23:32:06 --> ErrorException: Undefined array key "blog_id"
[Method: GET, Route: adm1n/blog/edit/4]
in APPPATH\Views\blog_form.php on line 35.
 1 APPPATH\Views\blog_form.php(35): CodeIgniter\Debug\Exceptions->errorHandler(2, 'Undefined array key "blog_id"', 'D:\\xampp\\htdocs\\projects\\LadyAndal\\LadyAndalSchool\\app\\Views\\blog_form.php', 35)
 2 SYSTEMPATH\View\View.php(234): include('D:\\xampp\\htdocs\\projects\\LadyAndal\\LadyAndalSchool\\app\\Views\\blog_form.php')
 3 SYSTEMPATH\View\View.php(237): CodeIgniter\View\View->CodeIgniter\View\{closure}()
 4 SYSTEMPATH\Common.php(1171): CodeIgniter\View\View->render('blog_form', [], true)
 5 APPPATH\Controllers\Blog.php(34): view('blog_form', [...])
 6 SYSTEMPATH\CodeIgniter.php(933): App\Controllers\Blog->edit('4')
 7 SYSTEMPATH\CodeIgniter.php(509): CodeIgniter\CodeIgniter->runController(Object(App\Controllers\Blog))
 8 SYSTEMPATH\CodeIgniter.php(355): CodeIgniter\CodeIgniter->handleRequest(null, Object(Config\Cache), false)
 9 SYSTEMPATH\Boot.php(325): CodeIgniter\CodeIgniter->run()
10 SYSTEMPATH\Boot.php(67): CodeIgniter\Boot::runCodeIgniter(Object(CodeIgniter\CodeIgniter))
11 FCPATH\index.php(56): CodeIgniter\Boot::bootWeb(Object(Config\Paths))
12 SYSTEMPATH\rewrite.php(44): require_once('D:\\xampp\\htdocs\\projects\\LadyAndal\\LadyAndalSchool\\public\\index.php')
ERROR - 2024-11-18 23:32:23 --> Error log message test
CRITICAL - 2024-11-18 23:32:26 --> ErrorException: Undefined array key "blog_id"
[Method: GET, Route: adm1n/blog/edit/4]
in APPPATH\Views\blog_form.php on line 35.
 1 APPPATH\Views\blog_form.php(35): CodeIgniter\Debug\Exceptions->errorHandler(2, 'Undefined array key "blog_id"', 'D:\\xampp\\htdocs\\projects\\LadyAndal\\LadyAndalSchool\\app\\Views\\blog_form.php', 35)
 2 SYSTEMPATH\View\View.php(234): include('D:\\xampp\\htdocs\\projects\\LadyAndal\\LadyAndalSchool\\app\\Views\\blog_form.php')
 3 SYSTEMPATH\View\View.php(237): CodeIgniter\View\View->CodeIgniter\View\{closure}()
 4 SYSTEMPATH\Common.php(1171): CodeIgniter\View\View->render('blog_form', [], true)
 5 APPPATH\Controllers\Blog.php(34): view('blog_form', [...])
 6 SYSTEMPATH\CodeIgniter.php(933): App\Controllers\Blog->edit('4')
 7 SYSTEMPATH\CodeIgniter.php(509): CodeIgniter\CodeIgniter->runController(Object(App\Controllers\Blog))
 8 SYSTEMPATH\CodeIgniter.php(355): CodeIgniter\CodeIgniter->handleRequest(null, Object(Config\Cache), false)
 9 SYSTEMPATH\Boot.php(325): CodeIgniter\CodeIgniter->run()
10 SYSTEMPATH\Boot.php(67): CodeIgniter\Boot::runCodeIgniter(Object(CodeIgniter\CodeIgniter))
11 FCPATH\index.php(56): CodeIgniter\Boot::bootWeb(Object(Config\Paths))
12 SYSTEMPATH\rewrite.php(44): require_once('D:\\xampp\\htdocs\\projects\\LadyAndal\\LadyAndalSchool\\public\\index.php')
ERROR - 2024-11-18 23:34:31 --> Error log message test
ERROR - 2024-11-18 23:34:32 --> Error log message test
CRITICAL - 2024-11-18 23:34:35 --> ErrorException: Undefined array key "name"
[Method: GET, Route: adm1n/blog/edit/4]
in APPPATH\Views\blog_form.php on line 64.
 1 APPPATH\Views\blog_form.php(64): CodeIgniter\Debug\Exceptions->errorHandler(2, 'Undefined array key "name"', 'D:\\xampp\\htdocs\\projects\\LadyAndal\\LadyAndalSchool\\app\\Views\\blog_form.php', 64)
 2 SYSTEMPATH\View\View.php(234): include('D:\\xampp\\htdocs\\projects\\LadyAndal\\LadyAndalSchool\\app\\Views\\blog_form.php')
 3 SYSTEMPATH\View\View.php(237): CodeIgniter\View\View->CodeIgniter\View\{closure}()
 4 SYSTEMPATH\Common.php(1171): CodeIgniter\View\View->render('blog_form', [], true)
 5 APPPATH\Controllers\Blog.php(34): view('blog_form', [...])
 6 SYSTEMPATH\CodeIgniter.php(933): App\Controllers\Blog->edit('4')
 7 SYSTEMPATH\CodeIgniter.php(509): CodeIgniter\CodeIgniter->runController(Object(App\Controllers\Blog))
 8 SYSTEMPATH\CodeIgniter.php(355): CodeIgniter\CodeIgniter->handleRequest(null, Object(Config\Cache), false)
 9 SYSTEMPATH\Boot.php(325): CodeIgniter\CodeIgniter->run()
10 SYSTEMPATH\Boot.php(67): CodeIgniter\Boot::runCodeIgniter(Object(CodeIgniter\CodeIgniter))
11 FCPATH\index.php(56): CodeIgniter\Boot::bootWeb(Object(Config\Paths))
12 SYSTEMPATH\rewrite.php(44): require_once('D:\\xampp\\htdocs\\projects\\LadyAndal\\LadyAndalSchool\\public\\index.php')
ERROR - 2024-11-18 23:35:41 --> Error log message test
ERROR - 2024-11-18 23:35:43 --> Error log message test
ERROR - 2024-11-18 23:36:00 --> {"image":"image is not a valid uploaded file."}
ERROR - 2024-11-18 23:37:47 --> Error log message test
ERROR - 2024-11-18 23:38:58 --> Error log message test
ERROR - 2024-11-18 23:39:07 --> {"image":"image is not a valid uploaded file."}
ERROR - 2024-11-18 23:41:50 --> Error log message test
ERROR - 2024-11-18 23:43:07 --> Error log message test
ERROR - 2024-11-18 23:43:15 --> Error log message test
ERROR - 2024-11-18 23:44:17 --> Error log message test
